<?xml version="1.0" encoding="UTF-8"?>
<!-- Generated by org.testng.reporters.JUnitReportReporter -->
<testsuite skipped="0" hostname="DESKTOP-KHTNE4T" name="com.smoke.test.SanityTestNG3" tests="3" failures="0" timestamp="30 Jun 2020 01:14:50 GMT" time="17.588" errors="0">
  <testcase name="sanityTest1" time="6.332" classname="com.smoke.test.SanityTestNG3"/>
  <testcase name="sanityTest2" time="7.800" classname="com.smoke.test.SanityTestNG3"/>
  <testcase name="sanityTest3" time="3.456" classname="com.smoke.test.SanityTestNG3"/>
</testsuite> <!-- com.smoke.test.SanityTestNG3 -->
