<?xml version="1.0" encoding="UTF-8"?>
<!-- Generated by org.testng.reporters.JUnitReportReporter -->
<testsuite skipped="0" hostname="DESKTOP-KHTNE4T" name="com.smoke.test.SanityTestNG" tests="3" failures="0" timestamp="02 Jun 2020 19:26:03 GMT" time="10.539" errors="0">
  <testcase name="sanityTest2" time="4.259" classname="com.smoke.test.SanityTestNG"/>
  <testcase name="sanityTest3" time="2.301" classname="com.smoke.test.SanityTestNG"/>
  <testcase name="sanityTest1" time="3.979" classname="com.smoke.test.SanityTestNG"/>
</testsuite> <!-- com.smoke.test.SanityTestNG -->
