<?xml version="1.0" encoding="UTF-8"?>
<!-- Generated by org.testng.reporters.JUnitReportReporter -->
<testsuite skipped="0" hostname="DESKTOP-KHTNE4T" name="com.smoke.test.CrossBrowser" tests="8" failures="0" timestamp="30 Jun 2020 02:23:27 GMT" time="30.521" errors="0">
  <testcase name="sanityTest2" time="4.387" classname="com.smoke.test.CrossBrowser"/>
  <testcase name="sanityTest1" time="3.736" classname="com.smoke.test.CrossBrowser"/>
  <testcase name="sanityTest3" time="2.655" classname="com.smoke.test.CrossBrowser"/>
  <testcase name="Login" time="3.696" classname="com.smoke.test.CrossBrowser"/>
  <testcase name="sanityTest1" time="3.121" classname="com.smoke.test.CrossBrowser"/>
  <testcase name="sanityTest3" time="2.674" classname="com.smoke.test.CrossBrowser"/>
  <testcase name="sanityTest2" time="4.007" classname="com.smoke.test.CrossBrowser"/>
  <testcase name="Login" time="6.245" classname="com.smoke.test.CrossBrowser"/>
</testsuite> <!-- com.smoke.test.CrossBrowser -->
