<?xml version="1.0" encoding="UTF-8"?>
<!-- Generated by org.testng.reporters.JUnitReportReporter -->
<testsuite skipped="0" hostname="DESKTOP-KHTNE4T" name="com.smoke.test.SanityTestNG" tests="9" failures="0" timestamp="04 Jul 2020 04:11:05 GMT" time="29.888" errors="0">
  <testcase name="sanityTest1" time="3.004" classname="com.smoke.test.SanityTestNG"/>
  <testcase name="sanityTest1" time="3.252" classname="com.smoke.test.SanityTestNG"/>
  <testcase name="sanityTest2" time="4.207" classname="com.smoke.test.SanityTestNG"/>
  <testcase name="sanityTest2" time="4.346" classname="com.smoke.test.SanityTestNG"/>
  <testcase name="sanityTest3" time="2.328" classname="com.smoke.test.SanityTestNG"/>
  <testcase name="sanityTest1" time="3.847" classname="com.smoke.test.SanityTestNG"/>
  <testcase name="sanityTest3" time="2.236" classname="com.smoke.test.SanityTestNG"/>
  <testcase name="sanityTest3" time="2.300" classname="com.smoke.test.SanityTestNG"/>
  <testcase name="sanityTest2" time="4.368" classname="com.smoke.test.SanityTestNG"/>
</testsuite> <!-- com.smoke.test.SanityTestNG -->
