<?xml version="1.0" encoding="UTF-8"?>
<!-- Generated by org.testng.reporters.JUnitReportReporter -->
<testsuite skipped="0" hostname="DESKTOP-KHTNE4T" name="com.test.runner.AutomationRunner" tests="1" failures="0" timestamp="02 Jul 2020 01:47:35 GMT" time="13.714" errors="0">
  <testcase name="runScenario" time="13.714" classname="com.test.runner.AutomationRunner"/>
</testsuite> <!-- com.test.runner.AutomationRunner -->
