<?xml version="1.0" encoding="UTF-8"?>
<!-- Generated by org.testng.reporters.JUnitReportReporter -->
<testsuite skipped="0" hostname="DESKTOP-KHTNE4T" name="com.smoke.test.SanityTestNG2" tests="3" failures="0" timestamp="30 Jun 2020 01:14:50 GMT" time="22.206" errors="0">
  <testcase name="sanityTest1" time="6.470" classname="com.smoke.test.SanityTestNG2"/>
  <testcase name="sanityTest3" time="7.333" classname="com.smoke.test.SanityTestNG2"/>
  <testcase name="sanityTest2" time="8.403" classname="com.smoke.test.SanityTestNG2"/>
</testsuite> <!-- com.smoke.test.SanityTestNG2 -->
