<?xml version="1.0" encoding="UTF-8"?>
<!-- Generated by org.testng.reporters.JUnitReportReporter -->
<testsuite skipped="0" hostname="DESKTOP-KHTNE4T" name="com.smoke.test.SanityTestNG" tests="3" failures="0" timestamp="02 Jul 2020 01:34:13 GMT" time="9.394" errors="0">
  <testcase name="sanityTest1" time="3.129" classname="com.smoke.test.SanityTestNG"/>
  <testcase name="sanityTest3" time="2.436" classname="com.smoke.test.SanityTestNG"/>
  <testcase name="sanityTest2" time="3.829" classname="com.smoke.test.SanityTestNG"/>
</testsuite> <!-- com.smoke.test.SanityTestNG -->
