<?xml version="1.0" encoding="UTF-8"?>
<!-- Generated by org.testng.reporters.JUnitReportReporter -->
<testsuite skipped="0" hostname="DESKTOP-KHTNE4T" name="com.test.runner.FinalVersionPro" tests="1" failures="0" timestamp="09 Jul 2020 23:54:26 GMT" time="13.470" errors="0">
  <testcase name="runScenario" time="13.470" classname="com.test.runner.FinalVersionPro"/>
</testsuite> <!-- com.test.runner.FinalVersionPro -->
