<?xml version="1.0" encoding="UTF-8"?>
<!-- Generated by org.testng.reporters.JUnitReportReporter -->
<testsuite skipped="0" hostname="DESKTOP-KHTNE4T" name="com.test.runner.AutomationRunner" tests="1" failures="0" timestamp="03 Jul 2020 01:32:58 GMT" time="12.917" errors="0">
  <testcase name="runScenario" time="12.917" classname="com.test.runner.AutomationRunner"/>
</testsuite> <!-- com.test.runner.AutomationRunner -->
